20:46:12.528 [main] DEBUG io.netty.util.internal.logging.InternalLoggerFactory - Using Log4J2 as the default logging framework
20:46:12.544 [main] DEBUG io.netty.util.ResourceLeakDetector - -Dio.netty.leakDetection.level: simple
20:46:12.544 [main] DEBUG io.netty.util.ResourceLeakDetector - -Dio.netty.leakDetection.targetRecords: 4
20:46:12.551 [main] DEBUG io.netty.util.ResourceLeakDetectorFactory - Loaded default ResourceLeakDetector: io.netty.util.ResourceLeakDetector@37ed010a
20:46:12.576 [main] DEBUG io.netty.util.internal.PlatformDependent0 - -Dio.netty.noUnsafe: false
20:46:12.576 [main] DEBUG io.netty.util.internal.PlatformDependent0 - Java version: 17
20:46:12.577 [main] DEBUG io.netty.util.internal.PlatformDependent0 - sun.misc.Unsafe.theUnsafe: available
20:46:12.579 [main] DEBUG io.netty.util.internal.PlatformDependent0 - sun.misc.Unsafe.copyMemory: available
20:46:12.580 [main] DEBUG io.netty.util.internal.PlatformDependent0 - java.nio.Buffer.address: available
20:46:12.591 [main] DEBUG io.netty.util.internal.PlatformDependent0 - java.nio.Bits.unaligned: available, true
20:46:12.619 [main] DEBUG io.netty.util.internal.PlatformDependent0 - java.nio.DirectByteBuffer.<init>(long, int): unavailable
20:46:12.620 [main] DEBUG io.netty.util.internal.PlatformDependent - sun.misc.Unsafe: available
20:46:12.621 [main] DEBUG io.netty.util.internal.PlatformDependent - maxDirectMemory: 1579155456 bytes (maybe)
20:46:12.621 [main] DEBUG io.netty.util.internal.PlatformDependent - -Dio.netty.tmpdir: C:\Users\sarav\AppData\Local\Temp (java.io.tmpdir)
20:46:12.622 [main] DEBUG io.netty.util.internal.PlatformDependent - -Dio.netty.bitMode: 64 (sun.arch.data.model)
20:46:12.622 [main] DEBUG io.netty.util.internal.PlatformDependent - Platform: Windows
20:46:12.623 [main] DEBUG io.netty.util.internal.PlatformDependent - -Dio.netty.maxDirectMemory: -1 bytes
20:46:12.623 [main] DEBUG io.netty.util.internal.PlatformDependent - -Dio.netty.uninitializedArrayAllocationThreshold: -1
20:46:12.626 [main] DEBUG io.netty.util.internal.CleanerJava9 - java.nio.ByteBuffer.cleaner(): available
20:46:12.626 [main] DEBUG io.netty.util.internal.PlatformDependent - -Dio.netty.noPreferDirect: false
20:46:12.640 [main] DEBUG io.netty.util.internal.PlatformDependent - org.jctools-core.MpscChunkedArrayQueue: available
20:46:12.714 [main] DEBUG io.netty.util.internal.InternalThreadLocalMap - -Dio.netty.threadLocalMap.stringBuilder.initialSize: 1024
20:46:12.716 [main] DEBUG io.netty.util.internal.InternalThreadLocalMap - -Dio.netty.threadLocalMap.stringBuilder.maxSize: 4096
20:46:12.747 [main] DEBUG io.netty.handler.ssl.JdkSslContext - Default protocols (JDK): [TLSv1.3, TLSv1.2] 
20:46:12.747 [main] DEBUG io.netty.handler.ssl.JdkSslContext - Default cipher suites (JDK): [TLS_ECDHE_ECDSA_WITH_AES_256_GCM_SHA384, TLS_ECDHE_ECDSA_WITH_AES_128_GCM_SHA256, TLS_ECDHE_RSA_WITH_AES_128_GCM_SHA256, TLS_ECDHE_RSA_WITH_AES_256_GCM_SHA384, TLS_ECDHE_RSA_WITH_AES_128_CBC_SHA, TLS_ECDHE_RSA_WITH_AES_256_CBC_SHA, TLS_RSA_WITH_AES_128_GCM_SHA256, TLS_RSA_WITH_AES_128_CBC_SHA, TLS_RSA_WITH_AES_256_CBC_SHA, TLS_AES_128_GCM_SHA256, TLS_AES_256_GCM_SHA384]
20:46:12.808 [main] DEBUG io.netty.channel.MultithreadEventLoopGroup - -Dio.netty.eventLoopThreads: 8
20:46:12.832 [main] DEBUG io.netty.channel.nio.NioEventLoop - -Dio.netty.noKeySetOptimization: false
20:46:12.832 [main] DEBUG io.netty.channel.nio.NioEventLoop - -Dio.netty.selectorAutoRebuildThreshold: 512
20:46:12.869 [main] TRACE io.netty.channel.nio.NioEventLoop - instrumented a special java.util.Set into: sun.nio.ch.WEPollSelectorImpl@1c9e07c6
20:46:12.872 [main] TRACE io.netty.channel.nio.NioEventLoop - instrumented a special java.util.Set into: sun.nio.ch.WEPollSelectorImpl@459b187a
20:46:12.875 [main] TRACE io.netty.channel.nio.NioEventLoop - instrumented a special java.util.Set into: sun.nio.ch.WEPollSelectorImpl@6b4283c4
20:46:12.879 [main] TRACE io.netty.channel.nio.NioEventLoop - instrumented a special java.util.Set into: sun.nio.ch.WEPollSelectorImpl@d0865a3
20:46:12.883 [main] TRACE io.netty.channel.nio.NioEventLoop - instrumented a special java.util.Set into: sun.nio.ch.WEPollSelectorImpl@636bbbbb
20:46:12.886 [main] TRACE io.netty.channel.nio.NioEventLoop - instrumented a special java.util.Set into: sun.nio.ch.WEPollSelectorImpl@7eae3764
20:46:12.889 [main] TRACE io.netty.channel.nio.NioEventLoop - instrumented a special java.util.Set into: sun.nio.ch.WEPollSelectorImpl@10dc7d6
20:46:12.893 [main] TRACE io.netty.channel.nio.NioEventLoop - instrumented a special java.util.Set into: sun.nio.ch.WEPollSelectorImpl@4f668f29
20:46:12.925 [main] DEBUG io.netty.buffer.PooledByteBufAllocator - -Dio.netty.allocator.numHeapArenas: 8
20:46:12.925 [main] DEBUG io.netty.buffer.PooledByteBufAllocator - -Dio.netty.allocator.numDirectArenas: 8
20:46:12.925 [main] DEBUG io.netty.buffer.PooledByteBufAllocator - -Dio.netty.allocator.pageSize: 8192
20:46:12.925 [main] DEBUG io.netty.buffer.PooledByteBufAllocator - -Dio.netty.allocator.maxOrder: 9
20:46:12.925 [main] DEBUG io.netty.buffer.PooledByteBufAllocator - -Dio.netty.allocator.chunkSize: 4194304
20:46:12.925 [main] DEBUG io.netty.buffer.PooledByteBufAllocator - -Dio.netty.allocator.smallCacheSize: 256
20:46:12.925 [main] DEBUG io.netty.buffer.PooledByteBufAllocator - -Dio.netty.allocator.normalCacheSize: 64
20:46:12.926 [main] DEBUG io.netty.buffer.PooledByteBufAllocator - -Dio.netty.allocator.maxCachedBufferCapacity: 32768
20:46:12.926 [main] DEBUG io.netty.buffer.PooledByteBufAllocator - -Dio.netty.allocator.cacheTrimInterval: 8192
20:46:12.926 [main] DEBUG io.netty.buffer.PooledByteBufAllocator - -Dio.netty.allocator.cacheTrimIntervalMillis: 0
20:46:12.926 [main] DEBUG io.netty.buffer.PooledByteBufAllocator - -Dio.netty.allocator.useCacheForAllThreads: false
20:46:12.926 [main] DEBUG io.netty.buffer.PooledByteBufAllocator - -Dio.netty.allocator.maxCachedByteBuffersPerChunk: 1023
20:46:12.939 [main] DEBUG io.netty.buffer.ByteBufUtil - -Dio.netty.allocator.type: pooled
20:46:12.939 [main] DEBUG io.netty.buffer.ByteBufUtil - -Dio.netty.threadLocalDirectBufferSize: 0
20:46:12.940 [main] DEBUG io.netty.buffer.ByteBufUtil - -Dio.netty.maxThreadLocalCharBufferSize: 16384
20:46:14.724 [Forwarding newSession on session null to remote] DEBUG io.netty.channel.DefaultChannelId - -Dio.netty.processId: 21732 (auto-detected)
20:46:14.729 [Forwarding newSession on session null to remote] DEBUG io.netty.util.NetUtil - -Djava.net.preferIPv4Stack: false
20:46:14.729 [Forwarding newSession on session null to remote] DEBUG io.netty.util.NetUtil - -Djava.net.preferIPv6Addresses: false
20:46:14.745 [Forwarding newSession on session null to remote] DEBUG io.netty.util.NetUtilInitializations - Loopback interface: lo (Software Loopback Interface 1, 127.0.0.1)
20:46:14.747 [Forwarding newSession on session null to remote] DEBUG io.netty.util.NetUtil - Failed to get SOMAXCONN from sysctl and file \proc\sys\net\core\somaxconn. Default: 200
20:46:14.784 [Forwarding newSession on session null to remote] DEBUG io.netty.channel.DefaultChannelId - -Dio.netty.machineId: d4:1b:81:ff:fe:45:94:d1 (auto-detected)
20:46:14.858 [AsyncHttpClient-1-2] DEBUG io.netty.buffer.AbstractByteBuf - -Dio.netty.buffer.checkAccessible: true
20:46:14.859 [AsyncHttpClient-1-2] DEBUG io.netty.buffer.AbstractByteBuf - -Dio.netty.buffer.checkBounds: true
20:46:14.859 [AsyncHttpClient-1-2] DEBUG io.netty.util.ResourceLeakDetectorFactory - Loaded default ResourceLeakDetector: io.netty.util.ResourceLeakDetector@442f2945
20:46:14.890 [AsyncHttpClient-1-2] DEBUG io.netty.util.Recycler - -Dio.netty.recycler.maxCapacityPerThread: 4096
20:46:14.890 [AsyncHttpClient-1-2] DEBUG io.netty.util.Recycler - -Dio.netty.recycler.ratio: 8
20:46:14.890 [AsyncHttpClient-1-2] DEBUG io.netty.util.Recycler - -Dio.netty.recycler.chunkSize: 32
20:46:14.891 [AsyncHttpClient-1-2] DEBUG io.netty.util.Recycler - -Dio.netty.recycler.blocking: false
20:46:16.557 [AsyncHttpClient-1-2] DEBUG io.netty.handler.codec.compression.Brotli - brotli4j not in the classpath; Brotli support will be unavailable.
20:46:16.741 [main] DEBUG io.netty.util.internal.ThreadLocalRandom - -Dio.netty.initialSeedUniquifier: 0x4a1ad72d3ead6ba7
20:46:16.807 [main] INFO  testCases.TC_001_AccountRegistration - Launched Chrome Browser
20:46:16.836 [main] INFO  testCases.TC_001_AccountRegistration -  Starting TC_001_AccountRegistration 
20:46:17.757 [main] INFO  testCases.TC_001_AccountRegistration - Home Page Displayed 
20:46:18.471 [main] INFO  testCases.TC_001_AccountRegistration - Clicked on My Account 
20:46:19.102 [main] INFO  testCases.TC_001_AccountRegistration - Clicked on Register 
20:46:19.227 [main] INFO  testCases.TC_001_AccountRegistration - Provided First Name 
20:46:19.314 [main] INFO  testCases.TC_001_AccountRegistration - Provided Last Name 
20:46:19.425 [main] INFO  testCases.TC_001_AccountRegistration - Provided Email 
20:46:19.510 [main] INFO  testCases.TC_001_AccountRegistration - Provided Telephone 
20:46:19.588 [main] INFO  testCases.TC_001_AccountRegistration - Provided Password 
20:46:19.670 [main] INFO  testCases.TC_001_AccountRegistration - Provided Confrmed Password 
20:46:19.731 [main] INFO  testCases.TC_001_AccountRegistration - Set Privacy Policy 
20:46:22.330 [main] INFO  testCases.TC_001_AccountRegistration - Clicked on Continue 
20:46:22.367 [main] INFO  testCases.TC_001_AccountRegistration - Account Registration Success 
20:46:22.369 [main] INFO  testCases.TC_001_AccountRegistration -  Finished TC_001_AccountRegistration 
20:46:22.391 [AsyncHttpClient-1-4] TRACE io.netty.handler.codec.http.websocketx.WebSocket08FrameEncoder - Encoding WebSocket Frame opCode=8 length=26
20:46:24.017 [main] INFO  testCases.TC_002_Login - Launched Chrome Browser
20:46:24.031 [main] INFO  testCases.TC_002_Login -  Starting TC_002_Login 
20:46:25.474 [main] INFO  testCases.TC_002_Login - Home Page Displayed 
20:46:26.240 [main] INFO  testCases.TC_002_Login - Clicked on My Account 
20:46:27.045 [main] INFO  testCases.TC_002_Login - Clicked on Login 
20:46:27.219 [main] INFO  testCases.TC_002_Login - Provided Email 
20:46:27.330 [main] INFO  testCases.TC_002_Login - Provided Password 
20:46:28.023 [main] INFO  testCases.TC_002_Login - Clicked on Login
20:46:28.071 [main] INFO  testCases.TC_002_Login - Login Success 
20:46:28.071 [main] INFO  testCases.TC_002_Login -  Finished TC_002_Login 
20:46:28.073 [AsyncHttpClient-1-7] TRACE io.netty.handler.codec.http.websocketx.WebSocket08FrameEncoder - Encoding WebSocket Frame opCode=8 length=26
20:46:30.223 [main] INFO  testCases.TC_003_LoginDDT - Launched Chrome Browser
20:46:31.547 [main] INFO  testCases.TC_003_LoginDDT -  Starting TC_003_LoginDDT 
20:46:32.637 [main] INFO  testCases.TC_003_LoginDDT - Home Page Displayed 
20:46:33.228 [main] INFO  testCases.TC_003_LoginDDT - Clicked on My Account 
20:46:33.806 [main] INFO  testCases.TC_003_LoginDDT - Clicked on Login 
20:46:33.992 [main] INFO  testCases.TC_003_LoginDDT - Provided Email 
20:46:34.178 [main] INFO  testCases.TC_003_LoginDDT - Provided Password 
20:46:34.640 [main] INFO  testCases.TC_003_LoginDDT - Clicked on Login
20:46:44.711 [main] ERROR testCases.TC_003_LoginDDT - Login Failed 
20:46:44.724 [main] INFO  testCases.TC_003_LoginDDT -  Starting TC_003_LoginDDT 
20:46:45.286 [main] INFO  testCases.TC_003_LoginDDT - Home Page Displayed 
20:46:45.356 [main] INFO  testCases.TC_003_LoginDDT - Clicked on My Account 
20:46:45.937 [main] INFO  testCases.TC_003_LoginDDT - Clicked on Login 
20:46:46.117 [main] INFO  testCases.TC_003_LoginDDT - Provided Email 
20:46:46.209 [main] INFO  testCases.TC_003_LoginDDT - Provided Password 
20:46:46.709 [main] INFO  testCases.TC_003_LoginDDT - Clicked on Login
20:46:56.721 [main] ERROR testCases.TC_003_LoginDDT - Login Failed 
20:46:56.722 [main] INFO  testCases.TC_003_LoginDDT -  Finished TC_003_LoginDDT 
20:46:56.728 [main] INFO  testCases.TC_003_LoginDDT -  Starting TC_003_LoginDDT 
20:46:57.433 [main] INFO  testCases.TC_003_LoginDDT - Home Page Displayed 
20:46:57.520 [main] INFO  testCases.TC_003_LoginDDT - Clicked on My Account 
20:46:58.236 [main] INFO  testCases.TC_003_LoginDDT - Clicked on Login 
20:46:58.369 [main] INFO  testCases.TC_003_LoginDDT - Provided Email 
20:46:58.457 [main] INFO  testCases.TC_003_LoginDDT - Provided Password 
20:46:59.454 [main] INFO  testCases.TC_003_LoginDDT - Clicked on Login
20:47:09.522 [main] ERROR testCases.TC_003_LoginDDT - Login Failed 
20:47:09.522 [main] INFO  testCases.TC_003_LoginDDT -  Finished TC_003_LoginDDT 
20:47:09.528 [main] INFO  testCases.TC_003_LoginDDT -  Starting TC_003_LoginDDT 
20:47:10.136 [main] INFO  testCases.TC_003_LoginDDT - Home Page Displayed 
20:47:10.265 [main] INFO  testCases.TC_003_LoginDDT - Clicked on My Account 
20:47:10.736 [main] INFO  testCases.TC_003_LoginDDT - Clicked on Login 
20:47:10.819 [main] INFO  testCases.TC_003_LoginDDT - Provided Email 
20:47:10.891 [main] INFO  testCases.TC_003_LoginDDT - Provided Password 
20:47:11.293 [main] INFO  testCases.TC_003_LoginDDT - Clicked on Login
20:47:21.346 [main] ERROR testCases.TC_003_LoginDDT - Login Failed 
20:47:21.346 [main] INFO  testCases.TC_003_LoginDDT -  Finished TC_003_LoginDDT 
20:47:21.349 [AsyncHttpClient-1-2] TRACE io.netty.handler.codec.http.websocketx.WebSocket08FrameEncoder - Encoding WebSocket Frame opCode=8 length=26
20:49:58.147 [main] DEBUG io.netty.util.internal.logging.InternalLoggerFactory - Using Log4J2 as the default logging framework
20:49:58.163 [main] DEBUG io.netty.util.ResourceLeakDetector - -Dio.netty.leakDetection.level: simple
20:49:58.163 [main] DEBUG io.netty.util.ResourceLeakDetector - -Dio.netty.leakDetection.targetRecords: 4
20:49:58.170 [main] DEBUG io.netty.util.ResourceLeakDetectorFactory - Loaded default ResourceLeakDetector: io.netty.util.ResourceLeakDetector@511505e7
20:49:58.209 [main] DEBUG io.netty.util.internal.PlatformDependent0 - -Dio.netty.noUnsafe: false
20:49:58.209 [main] DEBUG io.netty.util.internal.PlatformDependent0 - Java version: 17
20:49:58.210 [main] DEBUG io.netty.util.internal.PlatformDependent0 - sun.misc.Unsafe.theUnsafe: available
20:49:58.211 [main] DEBUG io.netty.util.internal.PlatformDependent0 - sun.misc.Unsafe.copyMemory: available
20:49:58.212 [main] DEBUG io.netty.util.internal.PlatformDependent0 - java.nio.Buffer.address: available
20:49:58.226 [main] DEBUG io.netty.util.internal.PlatformDependent0 - java.nio.Bits.unaligned: available, true
20:49:58.240 [main] DEBUG io.netty.util.internal.PlatformDependent0 - java.nio.DirectByteBuffer.<init>(long, int): unavailable
20:49:58.241 [main] DEBUG io.netty.util.internal.PlatformDependent - sun.misc.Unsafe: available
20:49:58.241 [main] DEBUG io.netty.util.internal.PlatformDependent - maxDirectMemory: 1579155456 bytes (maybe)
20:49:58.242 [main] DEBUG io.netty.util.internal.PlatformDependent - -Dio.netty.tmpdir: C:\Users\sarav\AppData\Local\Temp (java.io.tmpdir)
20:49:58.242 [main] DEBUG io.netty.util.internal.PlatformDependent - -Dio.netty.bitMode: 64 (sun.arch.data.model)
20:49:58.242 [main] DEBUG io.netty.util.internal.PlatformDependent - Platform: Windows
20:49:58.244 [main] DEBUG io.netty.util.internal.PlatformDependent - -Dio.netty.maxDirectMemory: -1 bytes
20:49:58.244 [main] DEBUG io.netty.util.internal.PlatformDependent - -Dio.netty.uninitializedArrayAllocationThreshold: -1
20:49:58.246 [main] DEBUG io.netty.util.internal.CleanerJava9 - java.nio.ByteBuffer.cleaner(): available
20:49:58.246 [main] DEBUG io.netty.util.internal.PlatformDependent - -Dio.netty.noPreferDirect: false
20:49:58.262 [main] DEBUG io.netty.util.internal.PlatformDependent - org.jctools-core.MpscChunkedArrayQueue: available
20:49:58.295 [main] DEBUG io.netty.util.internal.InternalThreadLocalMap - -Dio.netty.threadLocalMap.stringBuilder.initialSize: 1024
20:49:58.296 [main] DEBUG io.netty.util.internal.InternalThreadLocalMap - -Dio.netty.threadLocalMap.stringBuilder.maxSize: 4096
20:49:58.392 [main] DEBUG io.netty.handler.ssl.JdkSslContext - Default protocols (JDK): [TLSv1.3, TLSv1.2] 
20:49:58.393 [main] DEBUG io.netty.handler.ssl.JdkSslContext - Default cipher suites (JDK): [TLS_ECDHE_ECDSA_WITH_AES_256_GCM_SHA384, TLS_ECDHE_ECDSA_WITH_AES_128_GCM_SHA256, TLS_ECDHE_RSA_WITH_AES_128_GCM_SHA256, TLS_ECDHE_RSA_WITH_AES_256_GCM_SHA384, TLS_ECDHE_RSA_WITH_AES_128_CBC_SHA, TLS_ECDHE_RSA_WITH_AES_256_CBC_SHA, TLS_RSA_WITH_AES_128_GCM_SHA256, TLS_RSA_WITH_AES_128_CBC_SHA, TLS_RSA_WITH_AES_256_CBC_SHA, TLS_AES_128_GCM_SHA256, TLS_AES_256_GCM_SHA384]
20:49:58.423 [main] DEBUG io.netty.channel.MultithreadEventLoopGroup - -Dio.netty.eventLoopThreads: 8
20:49:58.437 [main] DEBUG io.netty.channel.nio.NioEventLoop - -Dio.netty.noKeySetOptimization: false
20:49:58.437 [main] DEBUG io.netty.channel.nio.NioEventLoop - -Dio.netty.selectorAutoRebuildThreshold: 512
20:49:58.454 [main] TRACE io.netty.channel.nio.NioEventLoop - instrumented a special java.util.Set into: sun.nio.ch.WEPollSelectorImpl@34fe326d
20:49:58.457 [main] TRACE io.netty.channel.nio.NioEventLoop - instrumented a special java.util.Set into: sun.nio.ch.WEPollSelectorImpl@a33b4e3
20:49:58.460 [main] TRACE io.netty.channel.nio.NioEventLoop - instrumented a special java.util.Set into: sun.nio.ch.WEPollSelectorImpl@c6da8bb
20:49:58.463 [main] TRACE io.netty.channel.nio.NioEventLoop - instrumented a special java.util.Set into: sun.nio.ch.WEPollSelectorImpl@3bae64d0
20:49:58.465 [main] TRACE io.netty.channel.nio.NioEventLoop - instrumented a special java.util.Set into: sun.nio.ch.WEPollSelectorImpl@8b91134
20:49:58.468 [main] TRACE io.netty.channel.nio.NioEventLoop - instrumented a special java.util.Set into: sun.nio.ch.WEPollSelectorImpl@1fba386c
20:49:58.471 [main] TRACE io.netty.channel.nio.NioEventLoop - instrumented a special java.util.Set into: sun.nio.ch.WEPollSelectorImpl@7e736350
20:49:58.474 [main] TRACE io.netty.channel.nio.NioEventLoop - instrumented a special java.util.Set into: sun.nio.ch.WEPollSelectorImpl@36b310aa
20:49:58.495 [main] DEBUG io.netty.buffer.PooledByteBufAllocator - -Dio.netty.allocator.numHeapArenas: 8
20:49:58.496 [main] DEBUG io.netty.buffer.PooledByteBufAllocator - -Dio.netty.allocator.numDirectArenas: 8
20:49:58.496 [main] DEBUG io.netty.buffer.PooledByteBufAllocator - -Dio.netty.allocator.pageSize: 8192
20:49:58.496 [main] DEBUG io.netty.buffer.PooledByteBufAllocator - -Dio.netty.allocator.maxOrder: 9
20:49:58.496 [main] DEBUG io.netty.buffer.PooledByteBufAllocator - -Dio.netty.allocator.chunkSize: 4194304
20:49:58.496 [main] DEBUG io.netty.buffer.PooledByteBufAllocator - -Dio.netty.allocator.smallCacheSize: 256
20:49:58.496 [main] DEBUG io.netty.buffer.PooledByteBufAllocator - -Dio.netty.allocator.normalCacheSize: 64
20:49:58.496 [main] DEBUG io.netty.buffer.PooledByteBufAllocator - -Dio.netty.allocator.maxCachedBufferCapacity: 32768
20:49:58.496 [main] DEBUG io.netty.buffer.PooledByteBufAllocator - -Dio.netty.allocator.cacheTrimInterval: 8192
20:49:58.496 [main] DEBUG io.netty.buffer.PooledByteBufAllocator - -Dio.netty.allocator.cacheTrimIntervalMillis: 0
20:49:58.496 [main] DEBUG io.netty.buffer.PooledByteBufAllocator - -Dio.netty.allocator.useCacheForAllThreads: false
20:49:58.497 [main] DEBUG io.netty.buffer.PooledByteBufAllocator - -Dio.netty.allocator.maxCachedByteBuffersPerChunk: 1023
20:49:58.509 [main] DEBUG io.netty.buffer.ByteBufUtil - -Dio.netty.allocator.type: pooled
20:49:58.509 [main] DEBUG io.netty.buffer.ByteBufUtil - -Dio.netty.threadLocalDirectBufferSize: 0
20:49:58.509 [main] DEBUG io.netty.buffer.ByteBufUtil - -Dio.netty.maxThreadLocalCharBufferSize: 16384
20:49:59.242 [Forwarding newSession on session null to remote] DEBUG io.netty.channel.DefaultChannelId - -Dio.netty.processId: 8204 (auto-detected)
20:49:59.246 [Forwarding newSession on session null to remote] DEBUG io.netty.util.NetUtil - -Djava.net.preferIPv4Stack: false
20:49:59.246 [Forwarding newSession on session null to remote] DEBUG io.netty.util.NetUtil - -Djava.net.preferIPv6Addresses: false
20:49:59.263 [Forwarding newSession on session null to remote] DEBUG io.netty.util.NetUtilInitializations - Loopback interface: lo (Software Loopback Interface 1, 127.0.0.1)
20:49:59.265 [Forwarding newSession on session null to remote] DEBUG io.netty.util.NetUtil - Failed to get SOMAXCONN from sysctl and file \proc\sys\net\core\somaxconn. Default: 200
20:49:59.322 [Forwarding newSession on session null to remote] DEBUG io.netty.channel.DefaultChannelId - -Dio.netty.machineId: d4:1b:81:ff:fe:45:94:d1 (auto-detected)
20:49:59.414 [AsyncHttpClient-1-2] DEBUG io.netty.buffer.AbstractByteBuf - -Dio.netty.buffer.checkAccessible: true
20:49:59.414 [AsyncHttpClient-1-2] DEBUG io.netty.buffer.AbstractByteBuf - -Dio.netty.buffer.checkBounds: true
20:49:59.414 [AsyncHttpClient-1-2] DEBUG io.netty.util.ResourceLeakDetectorFactory - Loaded default ResourceLeakDetector: io.netty.util.ResourceLeakDetector@6dc885b9
20:49:59.451 [AsyncHttpClient-1-2] DEBUG io.netty.util.Recycler - -Dio.netty.recycler.maxCapacityPerThread: 4096
20:49:59.451 [AsyncHttpClient-1-2] DEBUG io.netty.util.Recycler - -Dio.netty.recycler.ratio: 8
20:49:59.452 [AsyncHttpClient-1-2] DEBUG io.netty.util.Recycler - -Dio.netty.recycler.chunkSize: 32
20:49:59.452 [AsyncHttpClient-1-2] DEBUG io.netty.util.Recycler - -Dio.netty.recycler.blocking: false
20:50:00.928 [AsyncHttpClient-1-2] DEBUG io.netty.handler.codec.compression.Brotli - brotli4j not in the classpath; Brotli support will be unavailable.
20:50:01.163 [main] DEBUG io.netty.util.internal.ThreadLocalRandom - -Dio.netty.initialSeedUniquifier: 0x03d020389e83d9ee
20:50:01.246 [main] INFO  testCases.TC_001_AccountRegistration - Launched Chrome Browser
20:50:01.289 [main] INFO  testCases.TC_001_AccountRegistration -  Starting TC_001_AccountRegistration 
20:50:02.450 [main] INFO  testCases.TC_001_AccountRegistration - Home Page Displayed 
20:50:03.235 [main] INFO  testCases.TC_001_AccountRegistration - Clicked on My Account 
20:50:03.881 [main] INFO  testCases.TC_001_AccountRegistration - Clicked on Register 
20:50:03.998 [main] INFO  testCases.TC_001_AccountRegistration - Provided First Name 
20:50:04.091 [main] INFO  testCases.TC_001_AccountRegistration - Provided Last Name 
20:50:04.195 [main] INFO  testCases.TC_001_AccountRegistration - Provided Email 
20:50:04.277 [main] INFO  testCases.TC_001_AccountRegistration - Provided Telephone 
20:50:04.357 [main] INFO  testCases.TC_001_AccountRegistration - Provided Password 
20:50:04.436 [main] INFO  testCases.TC_001_AccountRegistration - Provided Confrmed Password 
20:50:04.498 [main] INFO  testCases.TC_001_AccountRegistration - Set Privacy Policy 
20:50:07.139 [main] INFO  testCases.TC_001_AccountRegistration - Clicked on Continue 
20:50:07.175 [main] INFO  testCases.TC_001_AccountRegistration - Account Registration Success 
20:50:07.177 [main] INFO  testCases.TC_001_AccountRegistration -  Finished TC_001_AccountRegistration 
20:50:07.199 [AsyncHttpClient-1-4] TRACE io.netty.handler.codec.http.websocketx.WebSocket08FrameEncoder - Encoding WebSocket Frame opCode=8 length=26
20:50:08.666 [main] INFO  testCases.TC_002_Login - Launched Chrome Browser
20:50:08.676 [main] INFO  testCases.TC_002_Login -  Starting TC_002_Login 
20:50:09.588 [main] INFO  testCases.TC_002_Login - Home Page Displayed 
20:50:10.364 [main] INFO  testCases.TC_002_Login - Clicked on My Account 
20:50:10.894 [main] INFO  testCases.TC_002_Login - Clicked on Login 
20:50:11.036 [main] INFO  testCases.TC_002_Login - Provided Email 
20:50:11.133 [main] INFO  testCases.TC_002_Login - Provided Password 
20:50:11.621 [main] INFO  testCases.TC_002_Login - Clicked on Login
20:50:11.671 [main] INFO  testCases.TC_002_Login - Login Success 
20:50:11.672 [main] INFO  testCases.TC_002_Login -  Finished TC_002_Login 
20:50:11.681 [AsyncHttpClient-1-7] TRACE io.netty.handler.codec.http.websocketx.WebSocket08FrameEncoder - Encoding WebSocket Frame opCode=8 length=26
20:50:13.224 [main] INFO  testCases.TC_003_LoginDDT - Launched Chrome Browser
20:50:14.415 [main] INFO  testCases.TC_003_LoginDDT -  Starting TC_003_LoginDDT 
20:50:15.117 [main] INFO  testCases.TC_003_LoginDDT - Home Page Displayed 
20:50:15.915 [main] INFO  testCases.TC_003_LoginDDT - Clicked on My Account 
20:50:16.392 [main] INFO  testCases.TC_003_LoginDDT - Clicked on Login 
20:50:16.526 [main] INFO  testCases.TC_003_LoginDDT - Provided Email 
20:50:16.619 [main] INFO  testCases.TC_003_LoginDDT - Provided Password 
20:50:17.074 [main] INFO  testCases.TC_003_LoginDDT - Clicked on Login
20:50:17.112 [main] INFO  testCases.TC_003_LoginDDT - Login Success 
20:50:17.637 [main] INFO  testCases.TC_003_LoginDDT -  Finished TC_003_LoginDDT 
20:50:17.640 [main] INFO  testCases.TC_003_LoginDDT -  Starting TC_003_LoginDDT 
20:50:18.028 [main] INFO  testCases.TC_003_LoginDDT - Home Page Displayed 
20:50:18.102 [main] INFO  testCases.TC_003_LoginDDT - Clicked on My Account 
20:50:18.538 [main] INFO  testCases.TC_003_LoginDDT - Clicked on Login 
20:50:18.634 [main] INFO  testCases.TC_003_LoginDDT - Provided Email 
20:50:18.708 [main] INFO  testCases.TC_003_LoginDDT - Provided Password 
20:50:19.067 [main] INFO  testCases.TC_003_LoginDDT - Clicked on Login
20:50:29.113 [main] ERROR testCases.TC_003_LoginDDT - Login Failed 
20:50:29.113 [main] INFO  testCases.TC_003_LoginDDT -  Finished TC_003_LoginDDT 
20:50:29.117 [main] INFO  testCases.TC_003_LoginDDT -  Starting TC_003_LoginDDT 
20:50:29.607 [main] INFO  testCases.TC_003_LoginDDT - Home Page Displayed 
20:50:29.673 [main] INFO  testCases.TC_003_LoginDDT - Clicked on My Account 
20:50:30.128 [main] INFO  testCases.TC_003_LoginDDT - Clicked on Login 
20:50:30.261 [main] INFO  testCases.TC_003_LoginDDT - Provided Email 
20:50:30.354 [main] INFO  testCases.TC_003_LoginDDT - Provided Password 
20:50:30.820 [main] INFO  testCases.TC_003_LoginDDT - Clicked on Login
20:50:40.844 [main] ERROR testCases.TC_003_LoginDDT - Login Failed 
20:50:40.844 [main] INFO  testCases.TC_003_LoginDDT -  Finished TC_003_LoginDDT 
20:50:40.847 [main] INFO  testCases.TC_003_LoginDDT -  Starting TC_003_LoginDDT 
20:50:41.250 [main] INFO  testCases.TC_003_LoginDDT - Home Page Displayed 
20:50:41.359 [main] INFO  testCases.TC_003_LoginDDT - Clicked on My Account 
20:50:41.755 [main] INFO  testCases.TC_003_LoginDDT - Clicked on Login 
20:50:41.852 [main] INFO  testCases.TC_003_LoginDDT - Provided Email 
20:50:41.922 [main] INFO  testCases.TC_003_LoginDDT - Provided Password 
20:50:42.301 [main] INFO  testCases.TC_003_LoginDDT - Clicked on Login
20:50:52.324 [main] ERROR testCases.TC_003_LoginDDT - Login Failed 
20:50:52.324 [main] INFO  testCases.TC_003_LoginDDT -  Finished TC_003_LoginDDT 
20:50:52.326 [AsyncHttpClient-1-2] TRACE io.netty.handler.codec.http.websocketx.WebSocket08FrameEncoder - Encoding WebSocket Frame opCode=8 length=26
20:56:26.218 [main] DEBUG io.netty.util.internal.logging.InternalLoggerFactory - Using Log4J2 as the default logging framework
20:56:26.230 [main] DEBUG io.netty.util.ResourceLeakDetector - -Dio.netty.leakDetection.level: simple
20:56:26.231 [main] DEBUG io.netty.util.ResourceLeakDetector - -Dio.netty.leakDetection.targetRecords: 4
20:56:26.235 [main] DEBUG io.netty.util.ResourceLeakDetectorFactory - Loaded default ResourceLeakDetector: io.netty.util.ResourceLeakDetector@4ba89729
20:56:26.273 [main] DEBUG io.netty.util.internal.PlatformDependent0 - -Dio.netty.noUnsafe: false
20:56:26.273 [main] DEBUG io.netty.util.internal.PlatformDependent0 - Java version: 17
20:56:26.274 [main] DEBUG io.netty.util.internal.PlatformDependent0 - sun.misc.Unsafe.theUnsafe: available
20:56:26.274 [main] DEBUG io.netty.util.internal.PlatformDependent0 - sun.misc.Unsafe.copyMemory: available
20:56:26.276 [main] DEBUG io.netty.util.internal.PlatformDependent0 - java.nio.Buffer.address: available
20:56:26.287 [main] DEBUG io.netty.util.internal.PlatformDependent0 - java.nio.Bits.unaligned: available, true
20:56:26.302 [main] DEBUG io.netty.util.internal.PlatformDependent0 - java.nio.DirectByteBuffer.<init>(long, int): unavailable
20:56:26.302 [main] DEBUG io.netty.util.internal.PlatformDependent - sun.misc.Unsafe: available
20:56:26.303 [main] DEBUG io.netty.util.internal.PlatformDependent - maxDirectMemory: 1579155456 bytes (maybe)
20:56:26.303 [main] DEBUG io.netty.util.internal.PlatformDependent - -Dio.netty.tmpdir: C:\Users\sarav\AppData\Local\Temp (java.io.tmpdir)
20:56:26.304 [main] DEBUG io.netty.util.internal.PlatformDependent - -Dio.netty.bitMode: 64 (sun.arch.data.model)
20:56:26.305 [main] DEBUG io.netty.util.internal.PlatformDependent - Platform: Windows
20:56:26.306 [main] DEBUG io.netty.util.internal.PlatformDependent - -Dio.netty.maxDirectMemory: -1 bytes
20:56:26.306 [main] DEBUG io.netty.util.internal.PlatformDependent - -Dio.netty.uninitializedArrayAllocationThreshold: -1
20:56:26.308 [main] DEBUG io.netty.util.internal.CleanerJava9 - java.nio.ByteBuffer.cleaner(): available
20:56:26.308 [main] DEBUG io.netty.util.internal.PlatformDependent - -Dio.netty.noPreferDirect: false
20:56:26.319 [main] DEBUG io.netty.util.internal.PlatformDependent - org.jctools-core.MpscChunkedArrayQueue: available
20:56:26.350 [main] DEBUG io.netty.util.internal.InternalThreadLocalMap - -Dio.netty.threadLocalMap.stringBuilder.initialSize: 1024
20:56:26.350 [main] DEBUG io.netty.util.internal.InternalThreadLocalMap - -Dio.netty.threadLocalMap.stringBuilder.maxSize: 4096
20:56:26.420 [main] DEBUG io.netty.handler.ssl.JdkSslContext - Default protocols (JDK): [TLSv1.3, TLSv1.2] 
20:56:26.420 [main] DEBUG io.netty.handler.ssl.JdkSslContext - Default cipher suites (JDK): [TLS_ECDHE_ECDSA_WITH_AES_256_GCM_SHA384, TLS_ECDHE_ECDSA_WITH_AES_128_GCM_SHA256, TLS_ECDHE_RSA_WITH_AES_128_GCM_SHA256, TLS_ECDHE_RSA_WITH_AES_256_GCM_SHA384, TLS_ECDHE_RSA_WITH_AES_128_CBC_SHA, TLS_ECDHE_RSA_WITH_AES_256_CBC_SHA, TLS_RSA_WITH_AES_128_GCM_SHA256, TLS_RSA_WITH_AES_128_CBC_SHA, TLS_RSA_WITH_AES_256_CBC_SHA, TLS_AES_128_GCM_SHA256, TLS_AES_256_GCM_SHA384]
20:56:26.449 [main] DEBUG io.netty.channel.MultithreadEventLoopGroup - -Dio.netty.eventLoopThreads: 8
20:56:26.461 [main] DEBUG io.netty.channel.nio.NioEventLoop - -Dio.netty.noKeySetOptimization: false
20:56:26.461 [main] DEBUG io.netty.channel.nio.NioEventLoop - -Dio.netty.selectorAutoRebuildThreshold: 512
20:56:26.482 [main] TRACE io.netty.channel.nio.NioEventLoop - instrumented a special java.util.Set into: sun.nio.ch.WEPollSelectorImpl@41fed14f
20:56:26.485 [main] TRACE io.netty.channel.nio.NioEventLoop - instrumented a special java.util.Set into: sun.nio.ch.WEPollSelectorImpl@8b91134
20:56:26.487 [main] TRACE io.netty.channel.nio.NioEventLoop - instrumented a special java.util.Set into: sun.nio.ch.WEPollSelectorImpl@1fba386c
20:56:26.490 [main] TRACE io.netty.channel.nio.NioEventLoop - instrumented a special java.util.Set into: sun.nio.ch.WEPollSelectorImpl@7e736350
20:56:26.493 [main] TRACE io.netty.channel.nio.NioEventLoop - instrumented a special java.util.Set into: sun.nio.ch.WEPollSelectorImpl@36b310aa
20:56:26.497 [main] TRACE io.netty.channel.nio.NioEventLoop - instrumented a special java.util.Set into: sun.nio.ch.WEPollSelectorImpl@76c387f9
20:56:26.500 [main] TRACE io.netty.channel.nio.NioEventLoop - instrumented a special java.util.Set into: sun.nio.ch.WEPollSelectorImpl@3874b815
20:56:26.503 [main] TRACE io.netty.channel.nio.NioEventLoop - instrumented a special java.util.Set into: sun.nio.ch.WEPollSelectorImpl@5d7835a8
20:56:26.527 [main] DEBUG io.netty.buffer.PooledByteBufAllocator - -Dio.netty.allocator.numHeapArenas: 8
20:56:26.527 [main] DEBUG io.netty.buffer.PooledByteBufAllocator - -Dio.netty.allocator.numDirectArenas: 8
20:56:26.527 [main] DEBUG io.netty.buffer.PooledByteBufAllocator - -Dio.netty.allocator.pageSize: 8192
20:56:26.527 [main] DEBUG io.netty.buffer.PooledByteBufAllocator - -Dio.netty.allocator.maxOrder: 9
20:56:26.527 [main] DEBUG io.netty.buffer.PooledByteBufAllocator - -Dio.netty.allocator.chunkSize: 4194304
20:56:26.527 [main] DEBUG io.netty.buffer.PooledByteBufAllocator - -Dio.netty.allocator.smallCacheSize: 256
20:56:26.528 [main] DEBUG io.netty.buffer.PooledByteBufAllocator - -Dio.netty.allocator.normalCacheSize: 64
20:56:26.528 [main] DEBUG io.netty.buffer.PooledByteBufAllocator - -Dio.netty.allocator.maxCachedBufferCapacity: 32768
20:56:26.528 [main] DEBUG io.netty.buffer.PooledByteBufAllocator - -Dio.netty.allocator.cacheTrimInterval: 8192
20:56:26.528 [main] DEBUG io.netty.buffer.PooledByteBufAllocator - -Dio.netty.allocator.cacheTrimIntervalMillis: 0
20:56:26.528 [main] DEBUG io.netty.buffer.PooledByteBufAllocator - -Dio.netty.allocator.useCacheForAllThreads: false
20:56:26.528 [main] DEBUG io.netty.buffer.PooledByteBufAllocator - -Dio.netty.allocator.maxCachedByteBuffersPerChunk: 1023
20:56:26.541 [main] DEBUG io.netty.buffer.ByteBufUtil - -Dio.netty.allocator.type: pooled
20:56:26.541 [main] DEBUG io.netty.buffer.ByteBufUtil - -Dio.netty.threadLocalDirectBufferSize: 0
20:56:26.541 [main] DEBUG io.netty.buffer.ByteBufUtil - -Dio.netty.maxThreadLocalCharBufferSize: 16384
20:56:27.077 [Forwarding newSession on session null to remote] DEBUG io.netty.channel.DefaultChannelId - -Dio.netty.processId: 20820 (auto-detected)
20:56:27.080 [Forwarding newSession on session null to remote] DEBUG io.netty.util.NetUtil - -Djava.net.preferIPv4Stack: false
20:56:27.081 [Forwarding newSession on session null to remote] DEBUG io.netty.util.NetUtil - -Djava.net.preferIPv6Addresses: false
20:56:27.093 [Forwarding newSession on session null to remote] DEBUG io.netty.util.NetUtilInitializations - Loopback interface: lo (Software Loopback Interface 1, 127.0.0.1)
20:56:27.094 [Forwarding newSession on session null to remote] DEBUG io.netty.util.NetUtil - Failed to get SOMAXCONN from sysctl and file \proc\sys\net\core\somaxconn. Default: 200
20:56:27.128 [Forwarding newSession on session null to remote] DEBUG io.netty.channel.DefaultChannelId - -Dio.netty.machineId: d4:1b:81:ff:fe:45:94:d1 (auto-detected)
20:56:27.202 [AsyncHttpClient-1-2] DEBUG io.netty.buffer.AbstractByteBuf - -Dio.netty.buffer.checkAccessible: true
20:56:27.203 [AsyncHttpClient-1-2] DEBUG io.netty.buffer.AbstractByteBuf - -Dio.netty.buffer.checkBounds: true
20:56:27.203 [AsyncHttpClient-1-2] DEBUG io.netty.util.ResourceLeakDetectorFactory - Loaded default ResourceLeakDetector: io.netty.util.ResourceLeakDetector@6dc885b9
20:56:27.228 [AsyncHttpClient-1-2] DEBUG io.netty.util.Recycler - -Dio.netty.recycler.maxCapacityPerThread: 4096
20:56:27.228 [AsyncHttpClient-1-2] DEBUG io.netty.util.Recycler - -Dio.netty.recycler.ratio: 8
20:56:27.228 [AsyncHttpClient-1-2] DEBUG io.netty.util.Recycler - -Dio.netty.recycler.chunkSize: 32
20:56:27.228 [AsyncHttpClient-1-2] DEBUG io.netty.util.Recycler - -Dio.netty.recycler.blocking: false
20:56:29.012 [AsyncHttpClient-1-2] DEBUG io.netty.handler.codec.compression.Brotli - brotli4j not in the classpath; Brotli support will be unavailable.
20:56:29.201 [main] DEBUG io.netty.util.internal.ThreadLocalRandom - -Dio.netty.initialSeedUniquifier: 0x8ecf9533b7ca87b9
20:56:29.270 [main] INFO  testCases.TC_001_AccountRegistration - Launched Chrome Browser
20:56:29.321 [main] INFO  testCases.TC_001_AccountRegistration -  Starting TC_001_AccountRegistration 
20:56:30.330 [main] INFO  testCases.TC_001_AccountRegistration - Home Page Displayed 
20:56:30.940 [main] INFO  testCases.TC_001_AccountRegistration - Clicked on My Account 
20:56:31.570 [main] INFO  testCases.TC_001_AccountRegistration - Clicked on Register 
20:56:31.691 [main] INFO  testCases.TC_001_AccountRegistration - Provided First Name 
20:56:31.774 [main] INFO  testCases.TC_001_AccountRegistration - Provided Last Name 
20:56:31.867 [main] INFO  testCases.TC_001_AccountRegistration - Provided Email 
20:56:31.943 [main] INFO  testCases.TC_001_AccountRegistration - Provided Telephone 
20:56:32.023 [main] INFO  testCases.TC_001_AccountRegistration - Provided Password 
20:56:32.095 [main] INFO  testCases.TC_001_AccountRegistration - Provided Confrmed Password 
20:56:32.156 [main] INFO  testCases.TC_001_AccountRegistration - Set Privacy Policy 
20:56:34.767 [main] INFO  testCases.TC_001_AccountRegistration - Clicked on Continue 
20:56:34.805 [main] INFO  testCases.TC_001_AccountRegistration - Account Registration Success 
20:56:34.808 [main] INFO  testCases.TC_001_AccountRegistration -  Finished TC_001_AccountRegistration 
20:56:34.830 [AsyncHttpClient-1-4] TRACE io.netty.handler.codec.http.websocketx.WebSocket08FrameEncoder - Encoding WebSocket Frame opCode=8 length=26
20:56:36.542 [main] INFO  testCases.TC_002_Login - Launched Chrome Browser
20:56:36.553 [main] INFO  testCases.TC_002_Login -  Starting TC_002_Login 
20:56:37.326 [main] INFO  testCases.TC_002_Login - Home Page Displayed 
20:56:37.926 [main] INFO  testCases.TC_002_Login - Clicked on My Account 
20:56:38.408 [main] INFO  testCases.TC_002_Login - Clicked on Login 
20:56:38.541 [main] INFO  testCases.TC_002_Login - Provided Email 
20:56:38.637 [main] INFO  testCases.TC_002_Login - Provided Password 
20:56:39.113 [main] INFO  testCases.TC_002_Login - Clicked on Login
20:56:39.162 [main] INFO  testCases.TC_002_Login - Login Success 
20:56:39.162 [main] INFO  testCases.TC_002_Login -  Finished TC_002_Login 
20:56:39.165 [AsyncHttpClient-1-7] TRACE io.netty.handler.codec.http.websocketx.WebSocket08FrameEncoder - Encoding WebSocket Frame opCode=8 length=26
20:56:40.683 [main] INFO  testCases.TC_003_LoginDDT - Launched Chrome Browser
20:56:42.201 [main] INFO  testCases.TC_003_LoginDDT -  Starting TC_003_LoginDDT 
20:56:43.050 [main] INFO  testCases.TC_003_LoginDDT - Home Page Displayed 
20:56:43.685 [main] INFO  testCases.TC_003_LoginDDT - Clicked on My Account 
20:56:44.171 [main] INFO  testCases.TC_003_LoginDDT - Clicked on Login 
20:56:44.301 [main] INFO  testCases.TC_003_LoginDDT - Provided Email 
20:56:44.397 [main] INFO  testCases.TC_003_LoginDDT - Provided Password 
20:56:44.888 [main] INFO  testCases.TC_003_LoginDDT - Clicked on Login
20:56:44.935 [main] INFO  testCases.TC_003_LoginDDT - Login Success 
20:56:45.419 [main] INFO  testCases.TC_003_LoginDDT -  Finished TC_003_LoginDDT 
20:56:45.422 [main] INFO  testCases.TC_003_LoginDDT -  Starting TC_003_LoginDDT 
20:56:45.820 [main] INFO  testCases.TC_003_LoginDDT - Home Page Displayed 
20:56:45.915 [main] INFO  testCases.TC_003_LoginDDT - Clicked on My Account 
20:56:46.365 [main] INFO  testCases.TC_003_LoginDDT - Clicked on Login 
20:56:46.470 [main] INFO  testCases.TC_003_LoginDDT - Provided Email 
20:56:46.540 [main] INFO  testCases.TC_003_LoginDDT - Provided Password 
20:56:46.892 [main] INFO  testCases.TC_003_LoginDDT - Clicked on Login
20:56:56.965 [main] ERROR testCases.TC_003_LoginDDT - Login Failed 
20:56:56.965 [main] INFO  testCases.TC_003_LoginDDT -  Finished TC_003_LoginDDT 
20:56:56.969 [main] INFO  testCases.TC_003_LoginDDT -  Starting TC_003_LoginDDT 
20:56:57.502 [main] INFO  testCases.TC_003_LoginDDT - Home Page Displayed 
20:56:57.585 [main] INFO  testCases.TC_003_LoginDDT - Clicked on My Account 
20:56:58.120 [main] INFO  testCases.TC_003_LoginDDT - Clicked on Login 
20:56:58.261 [main] INFO  testCases.TC_003_LoginDDT - Provided Email 
20:56:58.357 [main] INFO  testCases.TC_003_LoginDDT - Provided Password 
20:56:58.905 [main] INFO  testCases.TC_003_LoginDDT - Clicked on Login
20:57:08.912 [main] ERROR testCases.TC_003_LoginDDT - Login Failed 
20:57:08.913 [main] INFO  testCases.TC_003_LoginDDT -  Finished TC_003_LoginDDT 
20:57:08.916 [main] INFO  testCases.TC_003_LoginDDT -  Starting TC_003_LoginDDT 
20:57:09.320 [main] INFO  testCases.TC_003_LoginDDT - Home Page Displayed 
20:57:09.393 [main] INFO  testCases.TC_003_LoginDDT - Clicked on My Account 
20:57:09.787 [main] INFO  testCases.TC_003_LoginDDT - Clicked on Login 
20:57:09.896 [main] INFO  testCases.TC_003_LoginDDT - Provided Email 
20:57:09.984 [main] INFO  testCases.TC_003_LoginDDT - Provided Password 
20:57:10.358 [main] INFO  testCases.TC_003_LoginDDT - Clicked on Login
20:57:20.375 [main] ERROR testCases.TC_003_LoginDDT - Login Failed 
20:57:20.376 [main] INFO  testCases.TC_003_LoginDDT -  Finished TC_003_LoginDDT 
20:57:20.382 [AsyncHttpClient-1-2] TRACE io.netty.handler.codec.http.websocketx.WebSocket08FrameEncoder - Encoding WebSocket Frame opCode=8 length=26
20:59:42.126 [main] DEBUG io.netty.util.internal.logging.InternalLoggerFactory - Using Log4J2 as the default logging framework
20:59:42.136 [main] DEBUG io.netty.util.ResourceLeakDetector - -Dio.netty.leakDetection.level: simple
20:59:42.136 [main] DEBUG io.netty.util.ResourceLeakDetector - -Dio.netty.leakDetection.targetRecords: 4
20:59:42.143 [main] DEBUG io.netty.util.ResourceLeakDetectorFactory - Loaded default ResourceLeakDetector: io.netty.util.ResourceLeakDetector@1704f67f
20:59:42.175 [main] DEBUG io.netty.util.internal.PlatformDependent0 - -Dio.netty.noUnsafe: false
20:59:42.176 [main] DEBUG io.netty.util.internal.PlatformDependent0 - Java version: 17
20:59:42.177 [main] DEBUG io.netty.util.internal.PlatformDependent0 - sun.misc.Unsafe.theUnsafe: available
20:59:42.177 [main] DEBUG io.netty.util.internal.PlatformDependent0 - sun.misc.Unsafe.copyMemory: available
20:59:42.178 [main] DEBUG io.netty.util.internal.PlatformDependent0 - java.nio.Buffer.address: available
20:59:42.185 [main] DEBUG io.netty.util.internal.PlatformDependent0 - java.nio.Bits.unaligned: available, true
20:59:42.193 [main] DEBUG io.netty.util.internal.PlatformDependent0 - java.nio.DirectByteBuffer.<init>(long, int): unavailable
20:59:42.193 [main] DEBUG io.netty.util.internal.PlatformDependent - sun.misc.Unsafe: available
20:59:42.194 [main] DEBUG io.netty.util.internal.PlatformDependent - maxDirectMemory: 1579155456 bytes (maybe)
20:59:42.194 [main] DEBUG io.netty.util.internal.PlatformDependent - -Dio.netty.tmpdir: C:\Users\sarav\AppData\Local\Temp (java.io.tmpdir)
20:59:42.194 [main] DEBUG io.netty.util.internal.PlatformDependent - -Dio.netty.bitMode: 64 (sun.arch.data.model)
20:59:42.195 [main] DEBUG io.netty.util.internal.PlatformDependent - Platform: Windows
20:59:42.196 [main] DEBUG io.netty.util.internal.PlatformDependent - -Dio.netty.maxDirectMemory: -1 bytes
20:59:42.196 [main] DEBUG io.netty.util.internal.PlatformDependent - -Dio.netty.uninitializedArrayAllocationThreshold: -1
20:59:42.197 [main] DEBUG io.netty.util.internal.CleanerJava9 - java.nio.ByteBuffer.cleaner(): available
20:59:42.197 [main] DEBUG io.netty.util.internal.PlatformDependent - -Dio.netty.noPreferDirect: false
20:59:42.205 [main] DEBUG io.netty.util.internal.PlatformDependent - org.jctools-core.MpscChunkedArrayQueue: available
20:59:42.227 [main] DEBUG io.netty.util.internal.InternalThreadLocalMap - -Dio.netty.threadLocalMap.stringBuilder.initialSize: 1024
20:59:42.228 [main] DEBUG io.netty.util.internal.InternalThreadLocalMap - -Dio.netty.threadLocalMap.stringBuilder.maxSize: 4096
20:59:42.297 [main] DEBUG io.netty.handler.ssl.JdkSslContext - Default protocols (JDK): [TLSv1.3, TLSv1.2] 
20:59:42.297 [main] DEBUG io.netty.handler.ssl.JdkSslContext - Default cipher suites (JDK): [TLS_ECDHE_ECDSA_WITH_AES_256_GCM_SHA384, TLS_ECDHE_ECDSA_WITH_AES_128_GCM_SHA256, TLS_ECDHE_RSA_WITH_AES_128_GCM_SHA256, TLS_ECDHE_RSA_WITH_AES_256_GCM_SHA384, TLS_ECDHE_RSA_WITH_AES_128_CBC_SHA, TLS_ECDHE_RSA_WITH_AES_256_CBC_SHA, TLS_RSA_WITH_AES_128_GCM_SHA256, TLS_RSA_WITH_AES_128_CBC_SHA, TLS_RSA_WITH_AES_256_CBC_SHA, TLS_AES_128_GCM_SHA256, TLS_AES_256_GCM_SHA384]
20:59:42.325 [main] DEBUG io.netty.channel.MultithreadEventLoopGroup - -Dio.netty.eventLoopThreads: 8
20:59:42.336 [main] DEBUG io.netty.channel.nio.NioEventLoop - -Dio.netty.noKeySetOptimization: false
20:59:42.336 [main] DEBUG io.netty.channel.nio.NioEventLoop - -Dio.netty.selectorAutoRebuildThreshold: 512
20:59:42.356 [main] TRACE io.netty.channel.nio.NioEventLoop - instrumented a special java.util.Set into: sun.nio.ch.WEPollSelectorImpl@1fba386c
20:59:42.359 [main] TRACE io.netty.channel.nio.NioEventLoop - instrumented a special java.util.Set into: sun.nio.ch.WEPollSelectorImpl@5d7835a8
20:59:42.362 [main] TRACE io.netty.channel.nio.NioEventLoop - instrumented a special java.util.Set into: sun.nio.ch.WEPollSelectorImpl@736048ed
20:59:42.365 [main] TRACE io.netty.channel.nio.NioEventLoop - instrumented a special java.util.Set into: sun.nio.ch.WEPollSelectorImpl@1976f537
20:59:42.367 [main] TRACE io.netty.channel.nio.NioEventLoop - instrumented a special java.util.Set into: sun.nio.ch.WEPollSelectorImpl@45f421c
20:59:42.370 [main] TRACE io.netty.channel.nio.NioEventLoop - instrumented a special java.util.Set into: sun.nio.ch.WEPollSelectorImpl@1816e24a
20:59:42.372 [main] TRACE io.netty.channel.nio.NioEventLoop - instrumented a special java.util.Set into: sun.nio.ch.WEPollSelectorImpl@6940f685
20:59:42.375 [main] TRACE io.netty.channel.nio.NioEventLoop - instrumented a special java.util.Set into: sun.nio.ch.WEPollSelectorImpl@47b179d7
20:59:42.398 [main] DEBUG io.netty.buffer.PooledByteBufAllocator - -Dio.netty.allocator.numHeapArenas: 8
20:59:42.398 [main] DEBUG io.netty.buffer.PooledByteBufAllocator - -Dio.netty.allocator.numDirectArenas: 8
20:59:42.398 [main] DEBUG io.netty.buffer.PooledByteBufAllocator - -Dio.netty.allocator.pageSize: 8192
20:59:42.398 [main] DEBUG io.netty.buffer.PooledByteBufAllocator - -Dio.netty.allocator.maxOrder: 9
20:59:42.398 [main] DEBUG io.netty.buffer.PooledByteBufAllocator - -Dio.netty.allocator.chunkSize: 4194304
20:59:42.398 [main] DEBUG io.netty.buffer.PooledByteBufAllocator - -Dio.netty.allocator.smallCacheSize: 256
20:59:42.399 [main] DEBUG io.netty.buffer.PooledByteBufAllocator - -Dio.netty.allocator.normalCacheSize: 64
20:59:42.399 [main] DEBUG io.netty.buffer.PooledByteBufAllocator - -Dio.netty.allocator.maxCachedBufferCapacity: 32768
20:59:42.399 [main] DEBUG io.netty.buffer.PooledByteBufAllocator - -Dio.netty.allocator.cacheTrimInterval: 8192
20:59:42.399 [main] DEBUG io.netty.buffer.PooledByteBufAllocator - -Dio.netty.allocator.cacheTrimIntervalMillis: 0
20:59:42.399 [main] DEBUG io.netty.buffer.PooledByteBufAllocator - -Dio.netty.allocator.useCacheForAllThreads: false
20:59:42.399 [main] DEBUG io.netty.buffer.PooledByteBufAllocator - -Dio.netty.allocator.maxCachedByteBuffersPerChunk: 1023
20:59:42.414 [main] DEBUG io.netty.buffer.ByteBufUtil - -Dio.netty.allocator.type: pooled
20:59:42.414 [main] DEBUG io.netty.buffer.ByteBufUtil - -Dio.netty.threadLocalDirectBufferSize: 0
20:59:42.415 [main] DEBUG io.netty.buffer.ByteBufUtil - -Dio.netty.maxThreadLocalCharBufferSize: 16384
20:59:42.925 [Forwarding newSession on session null to remote] DEBUG io.netty.channel.DefaultChannelId - -Dio.netty.processId: 21620 (auto-detected)
20:59:42.929 [Forwarding newSession on session null to remote] DEBUG io.netty.util.NetUtil - -Djava.net.preferIPv4Stack: false
20:59:42.929 [Forwarding newSession on session null to remote] DEBUG io.netty.util.NetUtil - -Djava.net.preferIPv6Addresses: false
20:59:42.944 [Forwarding newSession on session null to remote] DEBUG io.netty.util.NetUtilInitializations - Loopback interface: lo (Software Loopback Interface 1, 127.0.0.1)
20:59:42.945 [Forwarding newSession on session null to remote] DEBUG io.netty.util.NetUtil - Failed to get SOMAXCONN from sysctl and file \proc\sys\net\core\somaxconn. Default: 200
20:59:42.987 [Forwarding newSession on session null to remote] DEBUG io.netty.channel.DefaultChannelId - -Dio.netty.machineId: d4:1b:81:ff:fe:45:94:d1 (auto-detected)
20:59:43.069 [AsyncHttpClient-1-2] DEBUG io.netty.buffer.AbstractByteBuf - -Dio.netty.buffer.checkAccessible: true
20:59:43.069 [AsyncHttpClient-1-2] DEBUG io.netty.buffer.AbstractByteBuf - -Dio.netty.buffer.checkBounds: true
20:59:43.069 [AsyncHttpClient-1-2] DEBUG io.netty.util.ResourceLeakDetectorFactory - Loaded default ResourceLeakDetector: io.netty.util.ResourceLeakDetector@6dc885b9
20:59:43.100 [AsyncHttpClient-1-2] DEBUG io.netty.util.Recycler - -Dio.netty.recycler.maxCapacityPerThread: 4096
20:59:43.101 [AsyncHttpClient-1-2] DEBUG io.netty.util.Recycler - -Dio.netty.recycler.ratio: 8
20:59:43.101 [AsyncHttpClient-1-2] DEBUG io.netty.util.Recycler - -Dio.netty.recycler.chunkSize: 32
20:59:43.101 [AsyncHttpClient-1-2] DEBUG io.netty.util.Recycler - -Dio.netty.recycler.blocking: false
20:59:44.329 [AsyncHttpClient-1-2] DEBUG io.netty.handler.codec.compression.Brotli - brotli4j not in the classpath; Brotli support will be unavailable.
20:59:44.512 [main] DEBUG io.netty.util.internal.ThreadLocalRandom - -Dio.netty.initialSeedUniquifier: 0x6176e910de3eb30f
20:59:44.576 [main] INFO  testCases.TC_001_AccountRegistration - Launched Chrome Browser
20:59:44.613 [main] INFO  testCases.TC_001_AccountRegistration -  Starting TC_001_AccountRegistration 
20:59:45.661 [main] INFO  testCases.TC_001_AccountRegistration - Home Page Displayed 
20:59:46.321 [main] INFO  testCases.TC_001_AccountRegistration - Clicked on My Account 
20:59:47.001 [main] INFO  testCases.TC_001_AccountRegistration - Clicked on Register 
20:59:47.118 [main] INFO  testCases.TC_001_AccountRegistration - Provided First Name 
20:59:47.205 [main] INFO  testCases.TC_001_AccountRegistration - Provided Last Name 
20:59:47.304 [main] INFO  testCases.TC_001_AccountRegistration - Provided Email 
20:59:47.383 [main] INFO  testCases.TC_001_AccountRegistration - Provided Telephone 
20:59:47.461 [main] INFO  testCases.TC_001_AccountRegistration - Provided Password 
20:59:47.546 [main] INFO  testCases.TC_001_AccountRegistration - Provided Confrmed Password 
